
2021/09/23 (20:08:49) | ===> btop++ v.1.0.5
2021/09/23 (20:08:49) | ERROR: No UTF-8 locale detected!
Use --utf-force argument to force start if you're sure your terminal can handle it.

2021/09/23 (20:09:22) | ===> btop++ v.1.0.5
2021/09/23 (20:09:22) | WARNING: No UTF-8 locale detected! Forcing start with --utf-force argument.

2021/09/23 (20:10:08) | ===> btop++ v.1.0.5
2021/09/23 (20:10:08) | ERROR: No UTF-8 locale detected!
Use --utf-force argument to force start if you're sure your terminal can handle it.

2021/09/24 (00:19:12) | ===> btop++ v.1.0.5
2021/09/24 (00:19:12) | ERROR: No UTF-8 locale detected!
Use --utf-force argument to force start if you're sure your terminal can handle it.

2021/09/24 (00:19:14) | ===> btop++ v.1.0.5
2021/09/24 (00:19:14) | ERROR: No UTF-8 locale detected!
Use --utf-force argument to force start if you're sure your terminal can handle it.

2021/09/24 (19:25:04) | ===> btop++ v.1.0.5
2021/09/24 (19:25:04) | ERROR: No UTF-8 locale detected!
Use --utf-force argument to force start if you're sure your terminal can handle it.

2021/09/24 (19:32:44) | ===> btop++ v.1.0.5
2021/09/24 (19:32:44) | ERROR: No UTF-8 locale detected!
Use --utf-force argument to force start if you're sure your terminal can handle it.

2021/09/24 (19:36:01) | ===> btop++ v.1.0.5
2021/09/24 (19:36:01) | ERROR: No UTF-8 locale detected!
Use --utf-force argument to force start if you're sure your terminal can handle it.

2021/09/24 (19:36:07) | ===> btop++ v.1.0.5
2021/09/24 (19:36:07) | WARNING: No UTF-8 locale detected! Forcing start with --utf-force argument.

2021/09/24 (19:47:00) | ===> btop++ v.1.0.6
2021/09/24 (19:47:00) | ERROR: No UTF-8 locale detected!
Use --utf-force argument to force start if you're sure your terminal can handle it.

2021/09/24 (19:47:06) | ===> btop++ v.1.0.6
2021/09/24 (19:47:06) | WARNING: No UTF-8 locale detected! Forcing start with --utf-force argument.
2021/09/24 (19:48:36) | INFO: Logger set to INFO
2021/09/24 (19:48:37) | INFO: Logger set to DEBUG
2021/09/24 (19:48:41) | INFO: Logger set to INFO
2021/09/24 (19:48:41) | INFO: Logger set to DEBUG
2021/09/24 (19:48:42) | INFO: Logger set to INFO

2021/09/25 (13:57:34) | ===> btop++ v.1.0.7
2021/09/25 (13:57:34) | WARNING: No UTF-8 locale detected! Forcing start with --utf-force argument.

2021/09/26 (18:04:52) | ===> btop++ v.1.0.7
2021/09/26 (18:04:52) | ERROR: No UTF-8 locale detected!
Use --utf-force argument to force start if you're sure your terminal can handle it.

2021/09/26 (18:04:55) | ===> btop++ v.1.0.7
2021/09/26 (18:04:55) | WARNING: No UTF-8 locale detected! Forcing start with --utf-force argument.

2021/09/27 (18:39:14) | ===> btop++ v.1.0.9
2021/09/27 (18:39:14) | WARNING: No UTF-8 locale detected! Forcing start with --utf-force argument.

2021/09/28 (23:16:44) | ===> btop++ v.1.0.10
2021/09/28 (23:16:44) | WARNING: No UTF-8 locale detected! Forcing start with --utf-force argument.

2021/09/29 (18:25:56) | ===> btop++ v.1.0.10
2021/09/29 (18:25:56) | WARNING: No UTF-8 locale detected! Forcing start with --utf-force argument.

2021/09/30 (17:19:33) | ===> btop++ v.1.0.10
2021/09/30 (17:19:33) | WARNING: No UTF-8 locale detected! Forcing start with --utf-force argument.

2021/09/30 (17:20:25) | ===> btop++ v.1.0.11
2021/09/30 (17:20:25) | WARNING: No UTF-8 locale detected! Forcing start with --utf-force argument.

2021/10/01 (22:38:59) | ===> btop++ v.1.0.11
2021/10/01 (22:38:59) | WARNING: Failed to set locale en_GB.UTF-8 continuing anyway.

2021/10/02 (14:40:42) | ===> btop++ v.1.0.12
2021/10/02 (14:40:42) | WARNING: Failed to set locale en_GB.UTF-8 continuing anyway.

2021/10/03 (11:05:24) | ===> btop++ v.1.0.13
2021/10/03 (11:05:24) | WARNING: Failed to set locale en_GB.UTF-8 continuing anyway.

2021/10/07 (19:09:42) | ===> btop++ v.1.0.14
2021/10/07 (19:09:42) | WARNING: Failed to set locale en_GB.UTF-8 continuing anyway.

2021/10/07 (23:41:27) | ===> btop++ v.1.0.14
2021/10/07 (23:41:27) | WARNING: Failed to set locale en_GB.UTF-8 continuing anyway.

2021/10/10 (16:01:53) | ===> btop++ v.1.0.14
2021/10/10 (16:01:53) | WARNING: Failed to set locale en_GB.UTF-8 continuing anyway.

2021/10/13 (06:19:34) | ===> btop++ v.1.0.15
2021/10/13 (06:19:34) | WARNING: Failed to set locale en_GB.UTF-8 continuing anyway.

2021/10/15 (18:52:00) | ===> btop++ v.1.0.15
2021/10/15 (18:52:00) | WARNING: Failed to set locale en_GB.UTF-8 continuing anyway.

2021/10/17 (18:52:49) | ===> btop++ v.1.0.15
2021/10/17 (18:52:49) | WARNING: Failed to set locale en_GB.UTF-8 continuing anyway.

2021/10/18 (17:50:29) | ===> btop++ v.1.0.15
2021/10/18 (17:50:29) | WARNING: Failed to set locale en_GB.UTF-8 continuing anyway.

2021/10/19 (19:50:21) | ===> btop++ v.1.0.15
2021/10/19 (19:50:21) | WARNING: Failed to set locale en_GB.UTF-8 continuing anyway.

2021/10/19 (19:51:19) | ===> btop++ v.1.0.17
2021/10/19 (19:51:19) | WARNING: Failed to set locale en_GB.UTF-8 continuing anyway.

2021/10/21 (19:58:28) | ===> btop++ v.1.0.17
2021/10/21 (19:58:28) | WARNING: Failed to set locale en_GB.UTF-8 continuing anyway.

2021/10/22 (06:51:26) | ===> btop++ v.1.0.17
2021/10/22 (06:51:26) | WARNING: Failed to set locale en_GB.UTF-8 continuing anyway.

2021/10/23 (14:36:35) | ===> btop++ v.1.0.19
2021/10/23 (14:36:35) | WARNING: Failed to set locale en_GB.UTF-8 continuing anyway.

2021/10/25 (19:43:42) | ===> btop++ v.1.0.19
2021/10/25 (19:43:42) | WARNING: Failed to set locale en_GB.UTF-8 continuing anyway.

2021/10/27 (20:41:49) | ===> btop++ v.1.0.20
2021/10/27 (20:41:49) | WARNING: Failed to set locale en_GB.UTF-8 continuing anyway.

2021/10/28 (06:38:07) | ===> btop++ v.1.0.20
2021/10/28 (06:38:07) | WARNING: Failed to set locale en_GB.UTF-8 continuing anyway.

2021/10/31 (08:30:42) | ===> btop++ v.1.0.20
2021/10/31 (08:30:42) | WARNING: Failed to set locale en_GB.UTF-8 continuing anyway.

2021/11/01 (05:42:16) | ===> btop++ v.1.0.20
2021/11/01 (05:42:16) | WARNING: Failed to set locale en_GB.UTF-8 continuing anyway.

2021/11/02 (18:56:52) | ===> btop++ v.1.0.20
2021/11/02 (18:56:52) | WARNING: Failed to set locale en_GB.UTF-8 continuing anyway.

2021/11/04 (00:21:07) | ===> btop++ v.1.0.20
2021/11/04 (00:21:07) | WARNING: Failed to set locale en_GB.UTF-8 continuing anyway.

2021/11/05 (05:49:23) | ===> btop++ v.1.0.20
2021/11/05 (05:49:23) | WARNING: Failed to set locale en_GB.UTF-8 continuing anyway.

2021/11/13 (13:13:42) | ===> btop++ v.1.0.20
2021/11/13 (13:13:42) | WARNING: Failed to set locale en_GB.UTF-8 continuing anyway.

2021/11/16 (19:34:57) | ===> btop++ v.1.0.20
2021/11/16 (19:34:57) | WARNING: Failed to set locale en_GB.UTF-8 continuing anyway.

2021/11/17 (05:27:53) | ===> btop++ v.1.1.0
2021/11/17 (05:27:53) | WARNING: Failed to set locale en_GB.UTF-8 continuing anyway.

2021/11/17 (05:39:10) | ===> btop++ v.1.1.0
2021/11/17 (05:39:10) | WARNING: Failed to set locale en_GB.UTF-8 continuing anyway.
